Analysis & Synthesis report for switch
Thu Dec 12 15:37:20 2024
Quartus Prime Version 21.1.1 Build 850 06/23/2022 SJ Lite Edition


---------------------
; Table of Contents ;
---------------------
  1. Legal Notice
  2. Analysis & Synthesis Summary
  3. Analysis & Synthesis Settings
  4. Parallel Compilation
  5. Analysis & Synthesis Messages



----------------
; Legal Notice ;
----------------
Copyright (C) 2022  Intel Corporation. All rights reserved.
Your use of Intel Corporation's design tools, logic functions 
and other software and tools, and any partner logic 
functions, and any output files from any of the foregoing 
(including device programming or simulation files), and any 
associated documentation or information are expressly subject 
to the terms and conditions of the Intel Program License 
Subscription Agreement, the Intel Quartus Prime License Agreement,
the Intel FPGA IP License Agreement, or other applicable license
agreement, including, without limitation, that your use is for
the sole purpose of programming logic devices manufactured by
Intel and sold by Intel or its authorized distributors.  Please
refer to the applicable agreement for further details, at
https://fpgasoftware.intel.com/eula.



+---------------------------------------------------------------------------+
; Analysis & Synthesis Summary                                              ;
+-----------------------------+---------------------------------------------+
; Analysis & Synthesis Status ; Failed - Thu Dec 12 15:37:20 2024           ;
; Quartus Prime Version       ; 21.1.1 Build 850 06/23/2022 SJ Lite Edition ;
; Revision Name               ; switch                                      ;
; Top-level Entity Name       ; switch                                      ;
; Family                      ; Cyclone V                                   ;
; Logic utilization (in ALMs) ; N/A until Partition Merge                   ;
; Total registers             ; N/A until Partition Merge                   ;
; Total pins                  ; N/A until Partition Merge                   ;
; Total virtual pins          ; N/A until Partition Merge                   ;
; Total block memory bits     ; N/A until Partition Merge                   ;
; Total PLLs                  ; N/A until Partition Merge                   ;
; Total DLLs                  ; N/A until Partition Merge                   ;
+-----------------------------+---------------------------------------------+


+---------------------------------------------------------------------------------------------------------------------------+
; Analysis & Synthesis Settings                                                                                             ;
+---------------------------------------------------------------------------------+--------------------+--------------------+
; Option                                                                          ; Setting            ; Default Value      ;
+---------------------------------------------------------------------------------+--------------------+--------------------+
; Device                                                                          ; 5CGXFC7C7F23C8     ;                    ;
; Top-level entity name                                                           ; switch             ; switch             ;
; Family name                                                                     ; Cyclone V          ; Cyclone V          ;
; Use smart compilation                                                           ; Off                ; Off                ;
; Enable parallel Assembler and Timing Analyzer during compilation                ; On                 ; On                 ;
; Enable compact report table                                                     ; Off                ; Off                ;
; Restructure Multiplexers                                                        ; Auto               ; Auto               ;
; MLAB Add Timing Constraints For Mixed-Port Feed-Through Mode Setting Don't Care ; Off                ; Off                ;
; Create Debugging Nodes for IP Cores                                             ; Off                ; Off                ;
; Preserve fewer node names                                                       ; On                 ; On                 ;
; Intel FPGA IP Evaluation Mode                                                   ; Enable             ; Enable             ;
; Verilog Version                                                                 ; Verilog_2001       ; Verilog_2001       ;
; VHDL Version                                                                    ; VHDL_1993          ; VHDL_1993          ;
; State Machine Processing                                                        ; Auto               ; Auto               ;
; Safe State Machine                                                              ; Off                ; Off                ;
; Extract Verilog State Machines                                                  ; On                 ; On                 ;
; Extract VHDL State Machines                                                     ; On                 ; On                 ;
; Ignore Verilog initial constructs                                               ; Off                ; Off                ;
; Iteration limit for constant Verilog loops                                      ; 5000               ; 5000               ;
; Iteration limit for non-constant Verilog loops                                  ; 250                ; 250                ;
; Add Pass-Through Logic to Inferred RAMs                                         ; On                 ; On                 ;
; Infer RAMs from Raw Logic                                                       ; On                 ; On                 ;
; Parallel Synthesis                                                              ; On                 ; On                 ;
; DSP Block Balancing                                                             ; Auto               ; Auto               ;
; NOT Gate Push-Back                                                              ; On                 ; On                 ;
; Power-Up Don't Care                                                             ; On                 ; On                 ;
; Remove Redundant Logic Cells                                                    ; Off                ; Off                ;
; Remove Duplicate Registers                                                      ; On                 ; On                 ;
; Ignore CARRY Buffers                                                            ; Off                ; Off                ;
; Ignore CASCADE Buffers                                                          ; Off                ; Off                ;
; Ignore GLOBAL Buffers                                                           ; Off                ; Off                ;
; Ignore ROW GLOBAL Buffers                                                       ; Off                ; Off                ;
; Ignore LCELL Buffers                                                            ; Off                ; Off                ;
; Ignore SOFT Buffers                                                             ; On                 ; On                 ;
; Limit AHDL Integers to 32 Bits                                                  ; Off                ; Off                ;
; Optimization Technique                                                          ; Balanced           ; Balanced           ;
; Carry Chain Length                                                              ; 70                 ; 70                 ;
; Auto Carry Chains                                                               ; On                 ; On                 ;
; Auto Open-Drain Pins                                                            ; On                 ; On                 ;
; Perform WYSIWYG Primitive Resynthesis                                           ; Off                ; Off                ;
; Auto ROM Replacement                                                            ; On                 ; On                 ;
; Auto RAM Replacement                                                            ; On                 ; On                 ;
; Auto DSP Block Replacement                                                      ; On                 ; On                 ;
; Auto Shift Register Replacement                                                 ; Auto               ; Auto               ;
; Allow Shift Register Merging across Hierarchies                                 ; Auto               ; Auto               ;
; Auto Clock Enable Replacement                                                   ; On                 ; On                 ;
; Strict RAM Replacement                                                          ; Off                ; Off                ;
; Allow Synchronous Control Signals                                               ; On                 ; On                 ;
; Force Use of Synchronous Clear Signals                                          ; Off                ; Off                ;
; Auto Resource Sharing                                                           ; Off                ; Off                ;
; Allow Any RAM Size For Recognition                                              ; Off                ; Off                ;
; Allow Any ROM Size For Recognition                                              ; Off                ; Off                ;
; Allow Any Shift Register Size For Recognition                                   ; Off                ; Off                ;
; Use LogicLock Constraints during Resource Balancing                             ; On                 ; On                 ;
; Ignore translate_off and synthesis_off directives                               ; Off                ; Off                ;
; Timing-Driven Synthesis                                                         ; On                 ; On                 ;
; Report Parameter Settings                                                       ; On                 ; On                 ;
; Report Source Assignments                                                       ; On                 ; On                 ;
; Report Connectivity Checks                                                      ; On                 ; On                 ;
; Ignore Maximum Fan-Out Assignments                                              ; Off                ; Off                ;
; Synchronization Register Chain Length                                           ; 3                  ; 3                  ;
; Power Optimization During Synthesis                                             ; Normal compilation ; Normal compilation ;
; HDL message level                                                               ; Level2             ; Level2             ;
; Suppress Register Optimization Related Messages                                 ; Off                ; Off                ;
; Number of Removed Registers Reported in Synthesis Report                        ; 5000               ; 5000               ;
; Number of Swept Nodes Reported in Synthesis Report                              ; 5000               ; 5000               ;
; Number of Inverted Registers Reported in Synthesis Report                       ; 100                ; 100                ;
; Clock MUX Protection                                                            ; On                 ; On                 ;
; Auto Gated Clock Conversion                                                     ; Off                ; Off                ;
; Block Design Naming                                                             ; Auto               ; Auto               ;
; SDC constraint protection                                                       ; Off                ; Off                ;
; Synthesis Effort                                                                ; Auto               ; Auto               ;
; Shift Register Replacement - Allow Asynchronous Clear Signal                    ; On                 ; On                 ;
; Pre-Mapping Resynthesis Optimization                                            ; Off                ; Off                ;
; Analysis & Synthesis Message Level                                              ; Medium             ; Medium             ;
; Disable Register Merging Across Hierarchies                                     ; Auto               ; Auto               ;
; Resource Aware Inference For Block RAM                                          ; On                 ; On                 ;
; Automatic Parallel Synthesis                                                    ; On                 ; On                 ;
; Partial Reconfiguration Bitstream ID                                            ; Off                ; Off                ;
+---------------------------------------------------------------------------------+--------------------+--------------------+


+------------------------------------------+
; Parallel Compilation                     ;
+----------------------------+-------------+
; Processors                 ; Number      ;
+----------------------------+-------------+
; Number detected on machine ; 12          ;
; Maximum allowed            ; 8           ;
;                            ;             ;
; Average used               ; 1.00        ;
; Maximum used               ; 1           ;
;                            ;             ;
; Usage by Processor         ; % Time Used ;
;     Processor 1            ; 100.0%      ;
+----------------------------+-------------+


+-------------------------------+
; Analysis & Synthesis Messages ;
+-------------------------------+
Info: *******************************************************************
Info: Running Quartus Prime Analysis & Synthesis
    Info: Version 21.1.1 Build 850 06/23/2022 SJ Lite Edition
    Info: Processing started: Thu Dec 12 15:37:13 2024
Info: Command: quartus_map --read_settings_files=on --write_settings_files=off switch -c switch
Warning (18236): Number of processors has not been specified which may cause overloading on shared machines.  Set the global assignment NUM_PARALLEL_PROCESSORS in your QSF to an appropriate value for best performance.
Info (20030): Parallel compilation is enabled and will use 8 of the 8 processors detected
Info (12021): Found 2 design units, including 1 entities, in source file switchport.vhd
    Info (12022): Found design unit 1: switchport-rtl File: A:/0-COLLEGE/Term3/Perancangan Sistem Digital/FinPro/switchport.vhd Line: 19
    Info (12023): Found entity 1: switchport File: A:/0-COLLEGE/Term3/Perancangan Sistem Digital/FinPro/switchport.vhd Line: 7
Info (12021): Found 2 design units, including 1 entities, in source file swcam.vhd
    Info (12022): Found design unit 1: SwCAM-rtl File: A:/0-COLLEGE/Term3/Perancangan Sistem Digital/FinPro/SwCAM.vhd Line: 19
    Info (12023): Found entity 1: SwCAM File: A:/0-COLLEGE/Term3/Perancangan Sistem Digital/FinPro/SwCAM.vhd Line: 7
Info (12021): Found 2 design units, including 1 entities, in source file frame_encoder.vhd
    Info (12022): Found design unit 1: frame_encoder-rtl File: A:/0-COLLEGE/Term3/Perancangan Sistem Digital/FinPro/frame_encoder.vhd Line: 14
    Info (12023): Found entity 1: frame_encoder File: A:/0-COLLEGE/Term3/Perancangan Sistem Digital/FinPro/frame_encoder.vhd Line: 5
Info (12021): Found 2 design units, including 1 entities, in source file frame_decoder.vhd
    Info (12022): Found design unit 1: frame_decoder-rtl File: A:/0-COLLEGE/Term3/Perancangan Sistem Digital/FinPro/frame_decoder.vhd Line: 14
    Info (12023): Found entity 1: frame_decoder File: A:/0-COLLEGE/Term3/Perancangan Sistem Digital/FinPro/frame_decoder.vhd Line: 5
Warning (12125): Using design file switch.vhd, which is not specified as a design file for the current project, but contains definitions for 2 design units and 1 entities in project
    Info (12022): Found design unit 1: switch-rtl File: A:/0-COLLEGE/Term3/Perancangan Sistem Digital/FinPro/switch.vhd Line: 91
    Info (12023): Found entity 1: switch File: A:/0-COLLEGE/Term3/Perancangan Sistem Digital/FinPro/switch.vhd Line: 5
Info (12127): Elaborating entity "switch" for the top level hierarchy
Warning (10540): VHDL Signal Declaration warning at switch.vhd(131): used explicit default value for signal "zeros" because signal was never assigned a value File: A:/0-COLLEGE/Term3/Perancangan Sistem Digital/FinPro/switch.vhd Line: 131
Warning (10631): VHDL Process Statement warning at switch.vhd(271): inferring latch(es) for signal or variable "src_mac", which holds its previous value in one or more paths through the process File: A:/0-COLLEGE/Term3/Perancangan Sistem Digital/FinPro/switch.vhd Line: 271
Warning (10631): VHDL Process Statement warning at switch.vhd(271): inferring latch(es) for signal or variable "dest_mac", which holds its previous value in one or more paths through the process File: A:/0-COLLEGE/Term3/Perancangan Sistem Digital/FinPro/switch.vhd Line: 271
Warning (10631): VHDL Process Statement warning at switch.vhd(271): inferring latch(es) for signal or variable "dest_port", which holds its previous value in one or more paths through the process File: A:/0-COLLEGE/Term3/Perancangan Sistem Digital/FinPro/switch.vhd Line: 271
Warning (10631): VHDL Process Statement warning at switch.vhd(271): inferring latch(es) for signal or variable "output_payload", which holds its previous value in one or more paths through the process File: A:/0-COLLEGE/Term3/Perancangan Sistem Digital/FinPro/switch.vhd Line: 271
Info (10041): Inferred latch for "output_payload[0]" at switch.vhd(271) File: A:/0-COLLEGE/Term3/Perancangan Sistem Digital/FinPro/switch.vhd Line: 271
Info (10041): Inferred latch for "output_payload[1]" at switch.vhd(271) File: A:/0-COLLEGE/Term3/Perancangan Sistem Digital/FinPro/switch.vhd Line: 271
Info (10041): Inferred latch for "output_payload[2]" at switch.vhd(271) File: A:/0-COLLEGE/Term3/Perancangan Sistem Digital/FinPro/switch.vhd Line: 271
Info (10041): Inferred latch for "output_payload[3]" at switch.vhd(271) File: A:/0-COLLEGE/Term3/Perancangan Sistem Digital/FinPro/switch.vhd Line: 271
Info (10041): Inferred latch for "output_payload[4]" at switch.vhd(271) File: A:/0-COLLEGE/Term3/Perancangan Sistem Digital/FinPro/switch.vhd Line: 271
Info (10041): Inferred latch for "output_payload[5]" at switch.vhd(271) File: A:/0-COLLEGE/Term3/Perancangan Sistem Digital/FinPro/switch.vhd Line: 271
Info (10041): Inferred latch for "output_payload[6]" at switch.vhd(271) File: A:/0-COLLEGE/Term3/Perancangan Sistem Digital/FinPro/switch.vhd Line: 271
Info (10041): Inferred latch for "output_payload[7]" at switch.vhd(271) File: A:/0-COLLEGE/Term3/Perancangan Sistem Digital/FinPro/switch.vhd Line: 271
Info (10041): Inferred latch for "dest_port[0]" at switch.vhd(271) File: A:/0-COLLEGE/Term3/Perancangan Sistem Digital/FinPro/switch.vhd Line: 271
Info (10041): Inferred latch for "dest_port[1]" at switch.vhd(271) File: A:/0-COLLEGE/Term3/Perancangan Sistem Digital/FinPro/switch.vhd Line: 271
Info (10041): Inferred latch for "dest_port[2]" at switch.vhd(271) File: A:/0-COLLEGE/Term3/Perancangan Sistem Digital/FinPro/switch.vhd Line: 271
Info (10041): Inferred latch for "dest_port[3]" at switch.vhd(271) File: A:/0-COLLEGE/Term3/Perancangan Sistem Digital/FinPro/switch.vhd Line: 271
Info (10041): Inferred latch for "dest_mac[0]" at switch.vhd(271) File: A:/0-COLLEGE/Term3/Perancangan Sistem Digital/FinPro/switch.vhd Line: 271
Info (10041): Inferred latch for "dest_mac[1]" at switch.vhd(271) File: A:/0-COLLEGE/Term3/Perancangan Sistem Digital/FinPro/switch.vhd Line: 271
Info (10041): Inferred latch for "dest_mac[2]" at switch.vhd(271) File: A:/0-COLLEGE/Term3/Perancangan Sistem Digital/FinPro/switch.vhd Line: 271
Info (10041): Inferred latch for "dest_mac[3]" at switch.vhd(271) File: A:/0-COLLEGE/Term3/Perancangan Sistem Digital/FinPro/switch.vhd Line: 271
Info (10041): Inferred latch for "dest_mac[4]" at switch.vhd(271) File: A:/0-COLLEGE/Term3/Perancangan Sistem Digital/FinPro/switch.vhd Line: 271
Info (10041): Inferred latch for "dest_mac[5]" at switch.vhd(271) File: A:/0-COLLEGE/Term3/Perancangan Sistem Digital/FinPro/switch.vhd Line: 271
Info (10041): Inferred latch for "dest_mac[6]" at switch.vhd(271) File: A:/0-COLLEGE/Term3/Perancangan Sistem Digital/FinPro/switch.vhd Line: 271
Info (10041): Inferred latch for "dest_mac[7]" at switch.vhd(271) File: A:/0-COLLEGE/Term3/Perancangan Sistem Digital/FinPro/switch.vhd Line: 271
Info (10041): Inferred latch for "dest_mac[8]" at switch.vhd(271) File: A:/0-COLLEGE/Term3/Perancangan Sistem Digital/FinPro/switch.vhd Line: 271
Info (10041): Inferred latch for "dest_mac[9]" at switch.vhd(271) File: A:/0-COLLEGE/Term3/Perancangan Sistem Digital/FinPro/switch.vhd Line: 271
Info (10041): Inferred latch for "dest_mac[10]" at switch.vhd(271) File: A:/0-COLLEGE/Term3/Perancangan Sistem Digital/FinPro/switch.vhd Line: 271
Info (10041): Inferred latch for "dest_mac[11]" at switch.vhd(271) File: A:/0-COLLEGE/Term3/Perancangan Sistem Digital/FinPro/switch.vhd Line: 271
Info (10041): Inferred latch for "dest_mac[12]" at switch.vhd(271) File: A:/0-COLLEGE/Term3/Perancangan Sistem Digital/FinPro/switch.vhd Line: 271
Info (10041): Inferred latch for "dest_mac[13]" at switch.vhd(271) File: A:/0-COLLEGE/Term3/Perancangan Sistem Digital/FinPro/switch.vhd Line: 271
Info (10041): Inferred latch for "dest_mac[14]" at switch.vhd(271) File: A:/0-COLLEGE/Term3/Perancangan Sistem Digital/FinPro/switch.vhd Line: 271
Info (10041): Inferred latch for "dest_mac[15]" at switch.vhd(271) File: A:/0-COLLEGE/Term3/Perancangan Sistem Digital/FinPro/switch.vhd Line: 271
Info (10041): Inferred latch for "dest_mac[16]" at switch.vhd(271) File: A:/0-COLLEGE/Term3/Perancangan Sistem Digital/FinPro/switch.vhd Line: 271
Info (10041): Inferred latch for "dest_mac[17]" at switch.vhd(271) File: A:/0-COLLEGE/Term3/Perancangan Sistem Digital/FinPro/switch.vhd Line: 271
Info (10041): Inferred latch for "dest_mac[18]" at switch.vhd(271) File: A:/0-COLLEGE/Term3/Perancangan Sistem Digital/FinPro/switch.vhd Line: 271
Info (10041): Inferred latch for "dest_mac[19]" at switch.vhd(271) File: A:/0-COLLEGE/Term3/Perancangan Sistem Digital/FinPro/switch.vhd Line: 271
Info (10041): Inferred latch for "dest_mac[20]" at switch.vhd(271) File: A:/0-COLLEGE/Term3/Perancangan Sistem Digital/FinPro/switch.vhd Line: 271
Info (10041): Inferred latch for "dest_mac[21]" at switch.vhd(271) File: A:/0-COLLEGE/Term3/Perancangan Sistem Digital/FinPro/switch.vhd Line: 271
Info (10041): Inferred latch for "dest_mac[22]" at switch.vhd(271) File: A:/0-COLLEGE/Term3/Perancangan Sistem Digital/FinPro/switch.vhd Line: 271
Info (10041): Inferred latch for "dest_mac[23]" at switch.vhd(271) File: A:/0-COLLEGE/Term3/Perancangan Sistem Digital/FinPro/switch.vhd Line: 271
Info (10041): Inferred latch for "dest_mac[24]" at switch.vhd(271) File: A:/0-COLLEGE/Term3/Perancangan Sistem Digital/FinPro/switch.vhd Line: 271
Info (10041): Inferred latch for "dest_mac[25]" at switch.vhd(271) File: A:/0-COLLEGE/Term3/Perancangan Sistem Digital/FinPro/switch.vhd Line: 271
Info (10041): Inferred latch for "dest_mac[26]" at switch.vhd(271) File: A:/0-COLLEGE/Term3/Perancangan Sistem Digital/FinPro/switch.vhd Line: 271
Info (10041): Inferred latch for "dest_mac[27]" at switch.vhd(271) File: A:/0-COLLEGE/Term3/Perancangan Sistem Digital/FinPro/switch.vhd Line: 271
Info (10041): Inferred latch for "dest_mac[28]" at switch.vhd(271) File: A:/0-COLLEGE/Term3/Perancangan Sistem Digital/FinPro/switch.vhd Line: 271
Info (10041): Inferred latch for "dest_mac[29]" at switch.vhd(271) File: A:/0-COLLEGE/Term3/Perancangan Sistem Digital/FinPro/switch.vhd Line: 271
Info (10041): Inferred latch for "dest_mac[30]" at switch.vhd(271) File: A:/0-COLLEGE/Term3/Perancangan Sistem Digital/FinPro/switch.vhd Line: 271
Info (10041): Inferred latch for "dest_mac[31]" at switch.vhd(271) File: A:/0-COLLEGE/Term3/Perancangan Sistem Digital/FinPro/switch.vhd Line: 271
Info (10041): Inferred latch for "dest_mac[32]" at switch.vhd(271) File: A:/0-COLLEGE/Term3/Perancangan Sistem Digital/FinPro/switch.vhd Line: 271
Info (10041): Inferred latch for "dest_mac[33]" at switch.vhd(271) File: A:/0-COLLEGE/Term3/Perancangan Sistem Digital/FinPro/switch.vhd Line: 271
Info (10041): Inferred latch for "dest_mac[34]" at switch.vhd(271) File: A:/0-COLLEGE/Term3/Perancangan Sistem Digital/FinPro/switch.vhd Line: 271
Info (10041): Inferred latch for "dest_mac[35]" at switch.vhd(271) File: A:/0-COLLEGE/Term3/Perancangan Sistem Digital/FinPro/switch.vhd Line: 271
Info (10041): Inferred latch for "dest_mac[36]" at switch.vhd(271) File: A:/0-COLLEGE/Term3/Perancangan Sistem Digital/FinPro/switch.vhd Line: 271
Info (10041): Inferred latch for "dest_mac[37]" at switch.vhd(271) File: A:/0-COLLEGE/Term3/Perancangan Sistem Digital/FinPro/switch.vhd Line: 271
Info (10041): Inferred latch for "dest_mac[38]" at switch.vhd(271) File: A:/0-COLLEGE/Term3/Perancangan Sistem Digital/FinPro/switch.vhd Line: 271
Info (10041): Inferred latch for "dest_mac[39]" at switch.vhd(271) File: A:/0-COLLEGE/Term3/Perancangan Sistem Digital/FinPro/switch.vhd Line: 271
Info (10041): Inferred latch for "dest_mac[40]" at switch.vhd(271) File: A:/0-COLLEGE/Term3/Perancangan Sistem Digital/FinPro/switch.vhd Line: 271
Info (10041): Inferred latch for "dest_mac[41]" at switch.vhd(271) File: A:/0-COLLEGE/Term3/Perancangan Sistem Digital/FinPro/switch.vhd Line: 271
Info (10041): Inferred latch for "dest_mac[42]" at switch.vhd(271) File: A:/0-COLLEGE/Term3/Perancangan Sistem Digital/FinPro/switch.vhd Line: 271
Info (10041): Inferred latch for "dest_mac[43]" at switch.vhd(271) File: A:/0-COLLEGE/Term3/Perancangan Sistem Digital/FinPro/switch.vhd Line: 271
Info (10041): Inferred latch for "dest_mac[44]" at switch.vhd(271) File: A:/0-COLLEGE/Term3/Perancangan Sistem Digital/FinPro/switch.vhd Line: 271
Info (10041): Inferred latch for "dest_mac[45]" at switch.vhd(271) File: A:/0-COLLEGE/Term3/Perancangan Sistem Digital/FinPro/switch.vhd Line: 271
Info (10041): Inferred latch for "dest_mac[46]" at switch.vhd(271) File: A:/0-COLLEGE/Term3/Perancangan Sistem Digital/FinPro/switch.vhd Line: 271
Info (10041): Inferred latch for "dest_mac[47]" at switch.vhd(271) File: A:/0-COLLEGE/Term3/Perancangan Sistem Digital/FinPro/switch.vhd Line: 271
Info (10041): Inferred latch for "src_mac[0]" at switch.vhd(271) File: A:/0-COLLEGE/Term3/Perancangan Sistem Digital/FinPro/switch.vhd Line: 271
Info (10041): Inferred latch for "src_mac[1]" at switch.vhd(271) File: A:/0-COLLEGE/Term3/Perancangan Sistem Digital/FinPro/switch.vhd Line: 271
Info (10041): Inferred latch for "src_mac[2]" at switch.vhd(271) File: A:/0-COLLEGE/Term3/Perancangan Sistem Digital/FinPro/switch.vhd Line: 271
Info (10041): Inferred latch for "src_mac[3]" at switch.vhd(271) File: A:/0-COLLEGE/Term3/Perancangan Sistem Digital/FinPro/switch.vhd Line: 271
Info (10041): Inferred latch for "src_mac[4]" at switch.vhd(271) File: A:/0-COLLEGE/Term3/Perancangan Sistem Digital/FinPro/switch.vhd Line: 271
Info (10041): Inferred latch for "src_mac[5]" at switch.vhd(271) File: A:/0-COLLEGE/Term3/Perancangan Sistem Digital/FinPro/switch.vhd Line: 271
Info (10041): Inferred latch for "src_mac[6]" at switch.vhd(271) File: A:/0-COLLEGE/Term3/Perancangan Sistem Digital/FinPro/switch.vhd Line: 271
Info (10041): Inferred latch for "src_mac[7]" at switch.vhd(271) File: A:/0-COLLEGE/Term3/Perancangan Sistem Digital/FinPro/switch.vhd Line: 271
Info (10041): Inferred latch for "src_mac[8]" at switch.vhd(271) File: A:/0-COLLEGE/Term3/Perancangan Sistem Digital/FinPro/switch.vhd Line: 271
Info (10041): Inferred latch for "src_mac[9]" at switch.vhd(271) File: A:/0-COLLEGE/Term3/Perancangan Sistem Digital/FinPro/switch.vhd Line: 271
Info (10041): Inferred latch for "src_mac[10]" at switch.vhd(271) File: A:/0-COLLEGE/Term3/Perancangan Sistem Digital/FinPro/switch.vhd Line: 271
Info (10041): Inferred latch for "src_mac[11]" at switch.vhd(271) File: A:/0-COLLEGE/Term3/Perancangan Sistem Digital/FinPro/switch.vhd Line: 271
Info (10041): Inferred latch for "src_mac[12]" at switch.vhd(271) File: A:/0-COLLEGE/Term3/Perancangan Sistem Digital/FinPro/switch.vhd Line: 271
Info (10041): Inferred latch for "src_mac[13]" at switch.vhd(271) File: A:/0-COLLEGE/Term3/Perancangan Sistem Digital/FinPro/switch.vhd Line: 271
Info (10041): Inferred latch for "src_mac[14]" at switch.vhd(271) File: A:/0-COLLEGE/Term3/Perancangan Sistem Digital/FinPro/switch.vhd Line: 271
Info (10041): Inferred latch for "src_mac[15]" at switch.vhd(271) File: A:/0-COLLEGE/Term3/Perancangan Sistem Digital/FinPro/switch.vhd Line: 271
Info (10041): Inferred latch for "src_mac[16]" at switch.vhd(271) File: A:/0-COLLEGE/Term3/Perancangan Sistem Digital/FinPro/switch.vhd Line: 271
Info (10041): Inferred latch for "src_mac[17]" at switch.vhd(271) File: A:/0-COLLEGE/Term3/Perancangan Sistem Digital/FinPro/switch.vhd Line: 271
Info (10041): Inferred latch for "src_mac[18]" at switch.vhd(271) File: A:/0-COLLEGE/Term3/Perancangan Sistem Digital/FinPro/switch.vhd Line: 271
Info (10041): Inferred latch for "src_mac[19]" at switch.vhd(271) File: A:/0-COLLEGE/Term3/Perancangan Sistem Digital/FinPro/switch.vhd Line: 271
Info (10041): Inferred latch for "src_mac[20]" at switch.vhd(271) File: A:/0-COLLEGE/Term3/Perancangan Sistem Digital/FinPro/switch.vhd Line: 271
Info (10041): Inferred latch for "src_mac[21]" at switch.vhd(271) File: A:/0-COLLEGE/Term3/Perancangan Sistem Digital/FinPro/switch.vhd Line: 271
Info (10041): Inferred latch for "src_mac[22]" at switch.vhd(271) File: A:/0-COLLEGE/Term3/Perancangan Sistem Digital/FinPro/switch.vhd Line: 271
Info (10041): Inferred latch for "src_mac[23]" at switch.vhd(271) File: A:/0-COLLEGE/Term3/Perancangan Sistem Digital/FinPro/switch.vhd Line: 271
Info (10041): Inferred latch for "src_mac[24]" at switch.vhd(271) File: A:/0-COLLEGE/Term3/Perancangan Sistem Digital/FinPro/switch.vhd Line: 271
Info (10041): Inferred latch for "src_mac[25]" at switch.vhd(271) File: A:/0-COLLEGE/Term3/Perancangan Sistem Digital/FinPro/switch.vhd Line: 271
Info (10041): Inferred latch for "src_mac[26]" at switch.vhd(271) File: A:/0-COLLEGE/Term3/Perancangan Sistem Digital/FinPro/switch.vhd Line: 271
Info (10041): Inferred latch for "src_mac[27]" at switch.vhd(271) File: A:/0-COLLEGE/Term3/Perancangan Sistem Digital/FinPro/switch.vhd Line: 271
Info (10041): Inferred latch for "src_mac[28]" at switch.vhd(271) File: A:/0-COLLEGE/Term3/Perancangan Sistem Digital/FinPro/switch.vhd Line: 271
Info (10041): Inferred latch for "src_mac[29]" at switch.vhd(271) File: A:/0-COLLEGE/Term3/Perancangan Sistem Digital/FinPro/switch.vhd Line: 271
Info (10041): Inferred latch for "src_mac[30]" at switch.vhd(271) File: A:/0-COLLEGE/Term3/Perancangan Sistem Digital/FinPro/switch.vhd Line: 271
Info (10041): Inferred latch for "src_mac[31]" at switch.vhd(271) File: A:/0-COLLEGE/Term3/Perancangan Sistem Digital/FinPro/switch.vhd Line: 271
Info (10041): Inferred latch for "src_mac[32]" at switch.vhd(271) File: A:/0-COLLEGE/Term3/Perancangan Sistem Digital/FinPro/switch.vhd Line: 271
Info (10041): Inferred latch for "src_mac[33]" at switch.vhd(271) File: A:/0-COLLEGE/Term3/Perancangan Sistem Digital/FinPro/switch.vhd Line: 271
Info (10041): Inferred latch for "src_mac[34]" at switch.vhd(271) File: A:/0-COLLEGE/Term3/Perancangan Sistem Digital/FinPro/switch.vhd Line: 271
Info (10041): Inferred latch for "src_mac[35]" at switch.vhd(271) File: A:/0-COLLEGE/Term3/Perancangan Sistem Digital/FinPro/switch.vhd Line: 271
Info (10041): Inferred latch for "src_mac[36]" at switch.vhd(271) File: A:/0-COLLEGE/Term3/Perancangan Sistem Digital/FinPro/switch.vhd Line: 271
Info (10041): Inferred latch for "src_mac[37]" at switch.vhd(271) File: A:/0-COLLEGE/Term3/Perancangan Sistem Digital/FinPro/switch.vhd Line: 271
Info (10041): Inferred latch for "src_mac[38]" at switch.vhd(271) File: A:/0-COLLEGE/Term3/Perancangan Sistem Digital/FinPro/switch.vhd Line: 271
Info (10041): Inferred latch for "src_mac[39]" at switch.vhd(271) File: A:/0-COLLEGE/Term3/Perancangan Sistem Digital/FinPro/switch.vhd Line: 271
Info (10041): Inferred latch for "src_mac[40]" at switch.vhd(271) File: A:/0-COLLEGE/Term3/Perancangan Sistem Digital/FinPro/switch.vhd Line: 271
Info (10041): Inferred latch for "src_mac[41]" at switch.vhd(271) File: A:/0-COLLEGE/Term3/Perancangan Sistem Digital/FinPro/switch.vhd Line: 271
Info (10041): Inferred latch for "src_mac[42]" at switch.vhd(271) File: A:/0-COLLEGE/Term3/Perancangan Sistem Digital/FinPro/switch.vhd Line: 271
Info (10041): Inferred latch for "src_mac[43]" at switch.vhd(271) File: A:/0-COLLEGE/Term3/Perancangan Sistem Digital/FinPro/switch.vhd Line: 271
Info (10041): Inferred latch for "src_mac[44]" at switch.vhd(271) File: A:/0-COLLEGE/Term3/Perancangan Sistem Digital/FinPro/switch.vhd Line: 271
Info (10041): Inferred latch for "src_mac[45]" at switch.vhd(271) File: A:/0-COLLEGE/Term3/Perancangan Sistem Digital/FinPro/switch.vhd Line: 271
Info (10041): Inferred latch for "src_mac[46]" at switch.vhd(271) File: A:/0-COLLEGE/Term3/Perancangan Sistem Digital/FinPro/switch.vhd Line: 271
Info (10041): Inferred latch for "src_mac[47]" at switch.vhd(271) File: A:/0-COLLEGE/Term3/Perancangan Sistem Digital/FinPro/switch.vhd Line: 271
Error (10028): Can't resolve multiple constant drivers for net "output_payload[7]" at switch.vhd(143) File: A:/0-COLLEGE/Term3/Perancangan Sistem Digital/FinPro/switch.vhd Line: 143
Error (10029): Constant driver at switch.vhd(271) File: A:/0-COLLEGE/Term3/Perancangan Sistem Digital/FinPro/switch.vhd Line: 271
Error (10028): Can't resolve multiple constant drivers for net "output_payload[6]" at switch.vhd(143) File: A:/0-COLLEGE/Term3/Perancangan Sistem Digital/FinPro/switch.vhd Line: 143
Error (10028): Can't resolve multiple constant drivers for net "output_payload[5]" at switch.vhd(143) File: A:/0-COLLEGE/Term3/Perancangan Sistem Digital/FinPro/switch.vhd Line: 143
Error (10028): Can't resolve multiple constant drivers for net "output_payload[4]" at switch.vhd(143) File: A:/0-COLLEGE/Term3/Perancangan Sistem Digital/FinPro/switch.vhd Line: 143
Error (10028): Can't resolve multiple constant drivers for net "output_payload[3]" at switch.vhd(143) File: A:/0-COLLEGE/Term3/Perancangan Sistem Digital/FinPro/switch.vhd Line: 143
Error (10028): Can't resolve multiple constant drivers for net "output_payload[2]" at switch.vhd(143) File: A:/0-COLLEGE/Term3/Perancangan Sistem Digital/FinPro/switch.vhd Line: 143
Error (10028): Can't resolve multiple constant drivers for net "output_payload[1]" at switch.vhd(143) File: A:/0-COLLEGE/Term3/Perancangan Sistem Digital/FinPro/switch.vhd Line: 143
Error (10028): Can't resolve multiple constant drivers for net "output_payload[0]" at switch.vhd(143) File: A:/0-COLLEGE/Term3/Perancangan Sistem Digital/FinPro/switch.vhd Line: 143
Error (12153): Can't elaborate top-level user hierarchy
Error: Quartus Prime Analysis & Synthesis was unsuccessful. 10 errors, 7 warnings
    Error: Peak virtual memory: 4885 megabytes
    Error: Processing ended: Thu Dec 12 15:37:20 2024
    Error: Elapsed time: 00:00:07
    Error: Total CPU time (on all processors): 00:00:07


